<?xml version="1.0" encoding="UTF-8"?>
<!-- Generated by org.testng.reporters.JUnitReportReporter -->
<testsuite hostname="Shubham" failures="0" tests="2" name="TestClasses.testLogin" time="50.329" errors="0" timestamp="2021-11-03T18:37:05 IST" skipped="0">
  <testcase classname="TestClasses.testLogin" name="LoginSuccesful" time="27.677"/>
  <system-out/>
  <testcase classname="TestClasses.testLogin" name="Title" time="22.652"/>
  <system-out/>
</testsuite> <!-- TestClasses.testLogin -->
